==================================================
BACKTEST CONFIGURATION
==================================================
symbol = QQQ
date = 2025-11-21

Q_high = 0.9
window_max = 500
cooldown = 23
interval = 5

slope_smooth = True
slope_smooth_window = 5
slope_peak_half_window = 2
slope_peak_hysteresis = 0.001
slope_peak_min_swing = 0.0

use_region_recent = False
region_recent_window = 10

==================================================

[09:39:30] FILTERED PEAK MIN DETECTED (WINDOWED)
  slope_center=-0.030447777784174478
  local_max_window=-0.02831905202327592
  region_min=True
  hysteresis_pass=True
  swing_pass=True
  → slope_peak_min=True
[09:49:20] FILTERED PEAK MAX DETECTED (WINDOWED)
  slope_center=0.03585830869459868
  local_min_window=0.03252704602199014
  region_max=True
  hysteresis_pass=True
  swing_pass=True
  → slope_peak_max=True
[09:57:15] FILTERED PEAK MIN DETECTED (WINDOWED)
  slope_center=-0.042052011540361464
  local_max_window=-0.039776515076880806
  region_min=True
  hysteresis_pass=True
  swing_pass=True
  → slope_peak_min=True
[10:08:55] FILTERED PEAK MIN DETECTED (WINDOWED)
  slope_center=-0.036887849193025526
  local_max_window=-0.03359008897511474
  region_min=True
  hysteresis_pass=True
  swing_pass=True
  → slope_peak_min=True
[10:19:55] FILTERED PEAK MAX DETECTED (WINDOWED)
  slope_center=0.03129587272801784
  local_min_window=0.029592240131216817
  region_max=True
  hysteresis_pass=True
  swing_pass=True
  → slope_peak_max=True
[10:24:00] FILTERED PEAK MAX DETECTED (WINDOWED)
  slope_center=0.04016046967664484
  local_min_window=0.03809194006070358
  region_max=True
  hysteresis_pass=True
  swing_pass=True
  → slope_peak_max=True
[10:27:10] FILTERED PEAK MIN DETECTED (WINDOWED)
  slope_center=-0.03429361828447738
  local_max_window=-0.031931633599147205
  region_min=True
  hysteresis_pass=True
  swing_pass=True
  → slope_peak_min=True
[10:55:10] FILTERED PEAK MAX DETECTED (WINDOWED)
  slope_center=0.03220216446450536
  local_min_window=0.02948746464342316
  region_max=True
  hysteresis_pass=True
  swing_pass=True
  → slope_peak_max=True
[11:19:20] FILTERED PEAK MIN DETECTED (WINDOWED)
  slope_center=-0.0302077888286705
  local_max_window=-0.02872406979094272
  region_min=True
  hysteresis_pass=True
  swing_pass=True
  → slope_peak_min=True
[11:46:10] FILTERED PEAK MIN DETECTED (WINDOWED)
  slope_center=-0.0111126720584871
  local_max_window=-0.01009562914912738
  region_min=True
  hysteresis_pass=True
  swing_pass=True
  → slope_peak_min=True
[12:02:15] FILTERED PEAK MIN DETECTED (WINDOWED)
  slope_center=-0.01062596524999344
  local_max_window=-0.009078015325474479
  region_min=True
  hysteresis_pass=True
  swing_pass=True
  → slope_peak_min=True
[12:39:05] FILTERED PEAK MIN DETECTED (WINDOWED)
  slope_center=-0.0173938629237426
  local_max_window=-0.016098106599415
  region_min=True
  hysteresis_pass=True
  swing_pass=True
  → slope_peak_min=True
[12:43:50] FILTERED PEAK MAX DETECTED (WINDOWED)
  slope_center=0.01378243128243262
  local_min_window=0.012646179262831538
  region_max=True
  hysteresis_pass=True
  swing_pass=True
  → slope_peak_max=True
[12:47:05] FILTERED PEAK MIN DETECTED (WINDOWED)
  slope_center=-0.01553384231445322
  local_max_window=-0.013967216951039302
  region_min=True
  hysteresis_pass=True
  swing_pass=True
  → slope_peak_min=True
[12:57:40] FILTERED PEAK MIN DETECTED (WINDOWED)
  slope_center=-0.016830452177237297
  local_max_window=-0.01566586720725672
  region_min=True
  hysteresis_pass=True
  swing_pass=True
  → slope_peak_min=True
[13:22:10] FILTERED PEAK MAX DETECTED (WINDOWED)
  slope_center=0.012648268000300023
  local_min_window=0.01099579357079198
  region_max=True
  hysteresis_pass=True
  swing_pass=True
  → slope_peak_max=True
[13:26:15] FILTERED PEAK MAX DETECTED (WINDOWED)
  slope_center=0.012532426433452721
  local_min_window=0.01103344804401076
  region_max=True
  hysteresis_pass=True
  swing_pass=True
  → slope_peak_max=True
[13:31:15] FILTERED PEAK MAX DETECTED (WINDOWED)
  slope_center=0.01532409445366456
  local_min_window=0.013886318853870084
  region_max=True
  hysteresis_pass=True
  swing_pass=True
  → slope_peak_max=True
[13:49:35] FILTERED PEAK MAX DETECTED (WINDOWED)
  slope_center=0.05855658664865314
  local_min_window=0.05546083501879371
  region_max=True
  hysteresis_pass=True
  swing_pass=True
  → slope_peak_max=True
[13:52:00] FILTERED PEAK MIN DETECTED (WINDOWED)
  slope_center=-0.013354266213869797
  local_max_window=-0.012070106829309776
  region_min=True
  hysteresis_pass=True
  swing_pass=True
  → slope_peak_min=True
[13:53:10] FILTERED PEAK MIN DETECTED (WINDOWED)
  slope_center=-0.02103383410541936
  local_max_window=-0.019699198605171175
  region_min=True
  hysteresis_pass=True
  swing_pass=True
  → slope_peak_min=True
[13:56:40] FILTERED PEAK MAX DETECTED (WINDOWED)
  slope_center=0.014461052558246021
  local_min_window=0.013141420825497102
  region_max=True
  hysteresis_pass=True
  swing_pass=True
  → slope_peak_max=True
[14:33:50] FILTERED PEAK MIN DETECTED (WINDOWED)
  slope_center=-0.011574386113360698
  local_max_window=-0.010533763417264317
  region_min=True
  hysteresis_pass=True
  swing_pass=True
  → slope_peak_min=True
[14:36:55] FILTERED PEAK MAX DETECTED (WINDOWED)
  slope_center=0.01603272204478312
  local_min_window=0.014908619101106382
  region_max=True
  hysteresis_pass=True
  swing_pass=True
  → slope_peak_max=True
[14:49:10] FILTERED PEAK MAX DETECTED (WINDOWED)
  slope_center=0.016612449102398584
  local_min_window=0.013869968085579224
  region_max=True
  hysteresis_pass=True
  swing_pass=True
  → slope_peak_max=True
[14:55:55] FILTERED PEAK MAX DETECTED (WINDOWED)
  slope_center=0.01651166640161548
  local_min_window=0.015317767294737222
  region_max=True
  hysteresis_pass=True
  swing_pass=True
  → slope_peak_max=True
[14:57:50] FILTERED PEAK MIN DETECTED (WINDOWED)
  slope_center=-0.013747285436593096
  local_max_window=-0.012219080403762916
  region_min=True
  hysteresis_pass=True
  swing_pass=True
  → slope_peak_min=True
[15:06:50] FILTERED PEAK MAX DETECTED (WINDOWED)
  slope_center=0.010355173510612221
  local_min_window=0.008885084144831423
  region_max=True
  hysteresis_pass=True
  swing_pass=True
  → slope_peak_max=True
[15:24:40] FILTERED PEAK MIN DETECTED (WINDOWED)
  slope_center=-0.017966118389129437
  local_max_window=-0.01668677556178768
  region_min=True
  hysteresis_pass=True
  swing_pass=True
  → slope_peak_min=True
[15:28:50] FILTERED PEAK MIN DETECTED (WINDOWED)
  slope_center=-0.0164762823206294
  local_max_window=-0.014802225237991717
  region_min=True
  hysteresis_pass=True
  swing_pass=True
  → slope_peak_min=True
[15:38:05] FILTERED PEAK MIN DETECTED (WINDOWED)
  slope_center=-0.02188935473204138
  local_max_window=-0.020096886830435198
  region_min=True
  hysteresis_pass=True
  swing_pass=True
  → slope_peak_min=True
[15:47:35] FILTERED PEAK MAX DETECTED (WINDOWED)
  slope_center=0.012907366222070782
  local_min_window=0.01182490175455798
  region_max=True
  hysteresis_pass=True
  swing_pass=True
  → slope_peak_max=True
[15:49:00] FILTERED PEAK MIN DETECTED (WINDOWED)
  slope_center=-0.015902205476604918
  local_max_window=-0.0144405308124537
  region_min=True
  hysteresis_pass=True
  swing_pass=True
  → slope_peak_min=True
[09:39:30] ENTRY LONG EVALUATION
  slope_peak_min=True
  region_min=False
  region_min_recent=True
  prob_gate_min=False
  cooldown=0
  → ENTRY_LONG REJECTED (reason: region_min=False, prob_gate_min=False)
[09:49:20] ENTRY SHORT EVALUATION
  slope_peak_max=True
  region_max=False
  region_max_recent=True
  prob_gate_max=False
  cooldown=0
  → ENTRY_SHORT REJECTED (reason: region_max=False, prob_gate_max=False)
[09:57:15] ENTRY LONG EVALUATION
  slope_peak_min=True
  region_min=True
  region_min_recent=True
  prob_gate_min=True
  cooldown=0
  → ENTRY_LONG=True
[10:08:55] ENTRY LONG EVALUATION
  slope_peak_min=True
  region_min=True
  region_min_recent=True
  prob_gate_min=True
  cooldown=0
  → ENTRY_LONG=True
[10:19:55] ENTRY SHORT EVALUATION
  slope_peak_max=True
  region_max=True
  region_max_recent=True
  prob_gate_max=True
  cooldown=0
  → ENTRY_SHORT=True
[10:24:00] ENTRY SHORT EVALUATION
  slope_peak_max=True
  region_max=True
  region_max_recent=True
  prob_gate_max=True
  cooldown=0
  → ENTRY_SHORT=True
[10:27:10] ENTRY LONG EVALUATION
  slope_peak_min=True
  region_min=True
  region_min_recent=True
  prob_gate_min=True
  cooldown=0
  → ENTRY_LONG=True
[10:55:10] ENTRY SHORT EVALUATION
  slope_peak_max=True
  region_max=True
  region_max_recent=True
  prob_gate_max=True
  cooldown=0
  → ENTRY_SHORT=True
[11:19:20] ENTRY LONG EVALUATION
  slope_peak_min=True
  region_min=True
  region_min_recent=True
  prob_gate_min=True
  cooldown=0
  → ENTRY_LONG=True
[11:46:10] ENTRY LONG EVALUATION
  slope_peak_min=True
  region_min=False
  region_min_recent=True
  prob_gate_min=False
  cooldown=0
  → ENTRY_LONG REJECTED (reason: region_min=False, prob_gate_min=False)
[12:02:15] ENTRY LONG EVALUATION
  slope_peak_min=True
  region_min=False
  region_min_recent=True
  prob_gate_min=False
  cooldown=0
  → ENTRY_LONG REJECTED (reason: region_min=False, prob_gate_min=False)
[12:39:05] ENTRY LONG EVALUATION
  slope_peak_min=True
  region_min=True
  region_min_recent=True
  prob_gate_min=True
  cooldown=0
  → ENTRY_LONG=True
[12:43:50] ENTRY SHORT EVALUATION
  slope_peak_max=True
  region_max=False
  region_max_recent=True
  prob_gate_max=False
  cooldown=0
  → ENTRY_SHORT REJECTED (reason: region_max=False, prob_gate_max=False)
[12:47:05] ENTRY LONG EVALUATION
  slope_peak_min=True
  region_min=False
  region_min_recent=True
  prob_gate_min=False
  cooldown=0
  → ENTRY_LONG REJECTED (reason: region_min=False, prob_gate_min=False)
[12:57:40] ENTRY LONG EVALUATION
  slope_peak_min=True
  region_min=False
  region_min_recent=True
  prob_gate_min=False
  cooldown=0
  → ENTRY_LONG REJECTED (reason: region_min=False, prob_gate_min=False)
[13:22:10] ENTRY SHORT EVALUATION
  slope_peak_max=True
  region_max=False
  region_max_recent=True
  prob_gate_max=False
  cooldown=0
  → ENTRY_SHORT REJECTED (reason: region_max=False, prob_gate_max=False)
[13:26:15] ENTRY SHORT EVALUATION
  slope_peak_max=True
  region_max=False
  region_max_recent=True
  prob_gate_max=False
  cooldown=0
  → ENTRY_SHORT REJECTED (reason: region_max=False, prob_gate_max=False)
[13:31:15] ENTRY SHORT EVALUATION
  slope_peak_max=True
  region_max=True
  region_max_recent=True
  prob_gate_max=True
  cooldown=0
  → ENTRY_SHORT=True
[13:49:35] ENTRY SHORT EVALUATION
  slope_peak_max=True
  region_max=True
  region_max_recent=True
  prob_gate_max=True
  cooldown=0
  → ENTRY_SHORT=True
[13:52:00] ENTRY LONG EVALUATION
  slope_peak_min=True
  region_min=True
  region_min_recent=True
  prob_gate_min=True
  cooldown=0
  → ENTRY_LONG=True
[13:53:10] ENTRY LONG EVALUATION
  slope_peak_min=True
  region_min=True
  region_min_recent=True
  prob_gate_min=True
  cooldown=10
  → ENTRY_LONG REJECTED (reason: cooldown=9)
[13:56:40] ENTRY SHORT EVALUATION
  slope_peak_max=True
  region_max=False
  region_max_recent=True
  prob_gate_max=False
  cooldown=0
  → ENTRY_SHORT REJECTED (reason: region_max=False, prob_gate_max=False)
[14:33:50] ENTRY LONG EVALUATION
  slope_peak_min=True
  region_min=False
  region_min_recent=True
  prob_gate_min=False
  cooldown=0
  → ENTRY_LONG REJECTED (reason: region_min=False, prob_gate_min=False)
[14:36:55] ENTRY SHORT EVALUATION
  slope_peak_max=True
  region_max=True
  region_max_recent=True
  prob_gate_max=True
  cooldown=0
  → ENTRY_SHORT=True
[14:49:10] ENTRY SHORT EVALUATION
  slope_peak_max=True
  region_max=True
  region_max_recent=True
  prob_gate_max=True
  cooldown=0
  → ENTRY_SHORT=True
[14:55:55] ENTRY SHORT EVALUATION
  slope_peak_max=True
  region_max=True
  region_max_recent=True
  prob_gate_max=True
  cooldown=0
  → ENTRY_SHORT=True
[14:57:50] ENTRY LONG EVALUATION
  slope_peak_min=True
  region_min=False
  region_min_recent=True
  prob_gate_min=False
  cooldown=0
  → ENTRY_LONG REJECTED (reason: region_min=False, prob_gate_min=False)
[15:06:50] ENTRY SHORT EVALUATION
  slope_peak_max=True
  region_max=False
  region_max_recent=True
  prob_gate_max=False
  cooldown=0
  → ENTRY_SHORT REJECTED (reason: region_max=False, prob_gate_max=False)
[15:24:40] ENTRY LONG EVALUATION
  slope_peak_min=True
  region_min=True
  region_min_recent=True
  prob_gate_min=True
  cooldown=0
  → ENTRY_LONG=True
[15:28:50] ENTRY LONG EVALUATION
  slope_peak_min=True
  region_min=False
  region_min_recent=True
  prob_gate_min=False
  cooldown=0
  → ENTRY_LONG REJECTED (reason: region_min=False, prob_gate_min=False)
[15:38:05] ENTRY LONG EVALUATION
  slope_peak_min=True
  region_min=True
  region_min_recent=True
  prob_gate_min=True
  cooldown=0
  → ENTRY_LONG=True
[15:47:35] ENTRY SHORT EVALUATION
  slope_peak_max=True
  region_max=False
  region_max_recent=True
  prob_gate_max=False
  cooldown=0
  → ENTRY_SHORT REJECTED (reason: region_max=False, prob_gate_max=False)
[15:49:00] ENTRY LONG EVALUATION
  slope_peak_min=True
  region_min=False
  region_min_recent=True
  prob_gate_min=False
  cooldown=0
  → ENTRY_LONG REJECTED (reason: region_min=False, prob_gate_min=False)
[09:57:15] EXIT LONG EVALUATION
  slope_peak_max_raw=False
  adverse_bars=0
  adverse_limit=7
  → EXIT_LONG NOT TRIGGERED
[09:57:20] EXIT LONG EVALUATION
  slope_peak_max_raw=False
  adverse_bars=1
  adverse_limit=7
  → EXIT_LONG NOT TRIGGERED
[09:57:25] EXIT LONG EVALUATION
  slope_peak_max_raw=False
  adverse_bars=2
  adverse_limit=7
  → EXIT_LONG NOT TRIGGERED
[09:57:30] EXIT LONG EVALUATION
  slope_peak_max_raw=False
  adverse_bars=3
  adverse_limit=7
  → EXIT_LONG NOT TRIGGERED
[09:57:35] EXIT LONG EVALUATION
  slope_peak_max_raw=False
  adverse_bars=4
  adverse_limit=7
  → EXIT_LONG NOT TRIGGERED
[09:57:40] EXIT LONG EVALUATION
  slope_peak_max_raw=False
  adverse_bars=4
  adverse_limit=7
  → EXIT_LONG NOT TRIGGERED
[09:57:45] EXIT LONG EVALUATION
  slope_peak_max_raw=False
  adverse_bars=4
  adverse_limit=7
  → EXIT_LONG NOT TRIGGERED
[09:57:50] EXIT LONG EVALUATION
  slope_peak_max_raw=False
  adverse_bars=4
  adverse_limit=7
  → EXIT_LONG NOT TRIGGERED
[09:57:55] EXIT LONG EVALUATION
  slope_peak_max_raw=False
  adverse_bars=4
  adverse_limit=7
  → EXIT_LONG NOT TRIGGERED
[09:58:00] EXIT LONG EVALUATION
  slope_peak_max_raw=False
  adverse_bars=4
  adverse_limit=7
  → EXIT_LONG NOT TRIGGERED
[09:58:05] EXIT LONG EVALUATION
  slope_peak_max_raw=False
  adverse_bars=4
  adverse_limit=7
  → EXIT_LONG NOT TRIGGERED
[09:58:10] EXIT LONG EVALUATION
  slope_peak_max_raw=False
  adverse_bars=4
  adverse_limit=7
  → EXIT_LONG NOT TRIGGERED
[09:58:15] EXIT LONG EVALUATION
  slope_peak_max_raw=False
  adverse_bars=4
  adverse_limit=7
  → EXIT_LONG NOT TRIGGERED
[09:58:20] EXIT LONG EVALUATION
  slope_peak_max_raw=False
  adverse_bars=5
  adverse_limit=7
  → EXIT_LONG NOT TRIGGERED
[09:58:25] EXIT LONG EVALUATION
  slope_peak_max_raw=False
  adverse_bars=6
  adverse_limit=7
  → EXIT_LONG NOT TRIGGERED
[09:58:30] EXIT LONG EVALUATION
  slope_peak_max_raw=False
  adverse_bars=7
  adverse_limit=7
  → EXIT_LONG=True
[10:08:55] EXIT LONG EVALUATION
  slope_peak_max_raw=False
  adverse_bars=0
  adverse_limit=7
  → EXIT_LONG NOT TRIGGERED
[10:09:00] EXIT LONG EVALUATION
  slope_peak_max_raw=False
  adverse_bars=0
  adverse_limit=7
  → EXIT_LONG NOT TRIGGERED
[10:09:05] EXIT LONG EVALUATION
  slope_peak_max_raw=False
  adverse_bars=0
  adverse_limit=7
  → EXIT_LONG NOT TRIGGERED
[10:09:10] EXIT LONG EVALUATION
  slope_peak_max_raw=False
  adverse_bars=1
  adverse_limit=7
  → EXIT_LONG NOT TRIGGERED
[10:09:15] EXIT LONG EVALUATION
  slope_peak_max_raw=False
  adverse_bars=2
  adverse_limit=7
  → EXIT_LONG NOT TRIGGERED
[10:09:20] EXIT LONG EVALUATION
  slope_peak_max_raw=False
  adverse_bars=3
  adverse_limit=7
  → EXIT_LONG NOT TRIGGERED
[10:09:25] EXIT LONG EVALUATION
  slope_peak_max_raw=False
  adverse_bars=4
  adverse_limit=7
  → EXIT_LONG NOT TRIGGERED
[10:09:30] EXIT LONG EVALUATION
  slope_peak_max_raw=False
  adverse_bars=4
  adverse_limit=7
  → EXIT_LONG NOT TRIGGERED
[10:09:35] EXIT LONG EVALUATION
  slope_peak_max_raw=False
  adverse_bars=4
  adverse_limit=7
  → EXIT_LONG NOT TRIGGERED
[10:09:40] EXIT LONG EVALUATION
  slope_peak_max_raw=False
  adverse_bars=4
  adverse_limit=7
  → EXIT_LONG NOT TRIGGERED
[10:09:45] EXIT LONG EVALUATION
  slope_peak_max_raw=False
  adverse_bars=4
  adverse_limit=7
  → EXIT_LONG NOT TRIGGERED
[10:09:50] EXIT LONG EVALUATION
  slope_peak_max_raw=False
  adverse_bars=4
  adverse_limit=7
  → EXIT_LONG NOT TRIGGERED
[10:09:55] EXIT LONG EVALUATION
  slope_peak_max_raw=False
  adverse_bars=4
  adverse_limit=7
  → EXIT_LONG NOT TRIGGERED
[10:10:00] EXIT LONG EVALUATION
  slope_peak_max_raw=False
  adverse_bars=5
  adverse_limit=7
  → EXIT_LONG NOT TRIGGERED
[10:10:05] EXIT LONG EVALUATION
  slope_peak_max_raw=True
  adverse_bars=6
  adverse_limit=7
  → EXIT_LONG=True
[10:19:55] EXIT SHORT EVALUATION
  slope_peak_min_raw=False
  adverse_bars=0
  adverse_limit=7
  → EXIT_SHORT NOT TRIGGERED
[10:20:00] EXIT SHORT EVALUATION
  slope_peak_min_raw=False
  adverse_bars=0
  adverse_limit=7
  → EXIT_SHORT NOT TRIGGERED
[10:20:05] EXIT SHORT EVALUATION
  slope_peak_min_raw=False
  adverse_bars=1
  adverse_limit=7
  → EXIT_SHORT NOT TRIGGERED
[10:20:10] EXIT SHORT EVALUATION
  slope_peak_min_raw=False
  adverse_bars=1
  adverse_limit=7
  → EXIT_SHORT NOT TRIGGERED
[10:20:15] EXIT SHORT EVALUATION
  slope_peak_min_raw=False
  adverse_bars=1
  adverse_limit=7
  → EXIT_SHORT NOT TRIGGERED
[10:20:20] EXIT SHORT EVALUATION
  slope_peak_min_raw=False
  adverse_bars=1
  adverse_limit=7
  → EXIT_SHORT NOT TRIGGERED
[10:20:25] EXIT SHORT EVALUATION
  slope_peak_min_raw=False
  adverse_bars=1
  adverse_limit=7
  → EXIT_SHORT NOT TRIGGERED
[10:20:30] EXIT SHORT EVALUATION
  slope_peak_min_raw=False
  adverse_bars=1
  adverse_limit=7
  → EXIT_SHORT NOT TRIGGERED
[10:20:35] EXIT SHORT EVALUATION
  slope_peak_min_raw=False
  adverse_bars=1
  adverse_limit=7
  → EXIT_SHORT NOT TRIGGERED
[10:20:40] EXIT SHORT EVALUATION
  slope_peak_min_raw=False
  adverse_bars=1
  adverse_limit=7
  → EXIT_SHORT NOT TRIGGERED
[10:20:45] EXIT SHORT EVALUATION
  slope_peak_min_raw=False
  adverse_bars=1
  adverse_limit=7
  → EXIT_SHORT NOT TRIGGERED
[10:20:50] EXIT SHORT EVALUATION
  slope_peak_min_raw=False
  adverse_bars=1
  adverse_limit=7
  → EXIT_SHORT NOT TRIGGERED
[10:20:55] EXIT SHORT EVALUATION
  slope_peak_min_raw=True
  adverse_bars=1
  adverse_limit=7
  → EXIT_SHORT=True
[10:24:00] EXIT SHORT EVALUATION
  slope_peak_min_raw=False
  adverse_bars=0
  adverse_limit=7
  → EXIT_SHORT NOT TRIGGERED
[10:24:05] EXIT SHORT EVALUATION
  slope_peak_min_raw=False
  adverse_bars=0
  adverse_limit=7
  → EXIT_SHORT NOT TRIGGERED
[10:24:10] EXIT SHORT EVALUATION
  slope_peak_min_raw=False
  adverse_bars=0
  adverse_limit=7
  → EXIT_SHORT NOT TRIGGERED
[10:24:15] EXIT SHORT EVALUATION
  slope_peak_min_raw=False
  adverse_bars=0
  adverse_limit=7
  → EXIT_SHORT NOT TRIGGERED
[10:24:20] EXIT SHORT EVALUATION
  slope_peak_min_raw=False
  adverse_bars=0
  adverse_limit=7
  → EXIT_SHORT NOT TRIGGERED
[10:24:25] EXIT SHORT EVALUATION
  slope_peak_min_raw=False
  adverse_bars=0
  adverse_limit=7
  → EXIT_SHORT NOT TRIGGERED
[10:24:30] EXIT SHORT EVALUATION
  slope_peak_min_raw=False
  adverse_bars=0
  adverse_limit=7
  → EXIT_SHORT NOT TRIGGERED
[10:24:35] EXIT SHORT EVALUATION
  slope_peak_min_raw=False
  adverse_bars=1
  adverse_limit=7
  → EXIT_SHORT NOT TRIGGERED
[10:24:40] EXIT SHORT EVALUATION
  slope_peak_min_raw=False
  adverse_bars=2
  adverse_limit=7
  → EXIT_SHORT NOT TRIGGERED
[10:24:45] EXIT SHORT EVALUATION
  slope_peak_min_raw=True
  adverse_bars=3
  adverse_limit=7
  → EXIT_SHORT=True
[10:27:10] EXIT LONG EVALUATION
  slope_peak_max_raw=False
  adverse_bars=0
  adverse_limit=7
  → EXIT_LONG NOT TRIGGERED
[10:27:15] EXIT LONG EVALUATION
  slope_peak_max_raw=False
  adverse_bars=0
  adverse_limit=7
  → EXIT_LONG NOT TRIGGERED
[10:27:20] EXIT LONG EVALUATION
  slope_peak_max_raw=False
  adverse_bars=0
  adverse_limit=7
  → EXIT_LONG NOT TRIGGERED
[10:27:25] EXIT LONG EVALUATION
  slope_peak_max_raw=False
  adverse_bars=0
  adverse_limit=7
  → EXIT_LONG NOT TRIGGERED
[10:27:30] EXIT LONG EVALUATION
  slope_peak_max_raw=False
  adverse_bars=1
  adverse_limit=7
  → EXIT_LONG NOT TRIGGERED
[10:27:35] EXIT LONG EVALUATION
  slope_peak_max_raw=False
  adverse_bars=2
  adverse_limit=7
  → EXIT_LONG NOT TRIGGERED
[10:27:40] EXIT LONG EVALUATION
  slope_peak_max_raw=True
  adverse_bars=3
  adverse_limit=7
  → EXIT_LONG=True
[10:55:10] EXIT SHORT EVALUATION
  slope_peak_min_raw=False
  adverse_bars=0
  adverse_limit=7
  → EXIT_SHORT NOT TRIGGERED
[10:55:15] EXIT SHORT EVALUATION
  slope_peak_min_raw=False
  adverse_bars=0
  adverse_limit=7
  → EXIT_SHORT NOT TRIGGERED
[10:55:20] EXIT SHORT EVALUATION
  slope_peak_min_raw=False
  adverse_bars=1
  adverse_limit=7
  → EXIT_SHORT NOT TRIGGERED
[10:55:25] EXIT SHORT EVALUATION
  slope_peak_min_raw=False
  adverse_bars=2
  adverse_limit=7
  → EXIT_SHORT NOT TRIGGERED
[10:55:30] EXIT SHORT EVALUATION
  slope_peak_min_raw=False
  adverse_bars=3
  adverse_limit=7
  → EXIT_SHORT NOT TRIGGERED
[10:55:35] EXIT SHORT EVALUATION
  slope_peak_min_raw=False
  adverse_bars=4
  adverse_limit=7
  → EXIT_SHORT NOT TRIGGERED
[10:55:40] EXIT SHORT EVALUATION
  slope_peak_min_raw=False
  adverse_bars=5
  adverse_limit=7
  → EXIT_SHORT NOT TRIGGERED
[10:55:45] EXIT SHORT EVALUATION
  slope_peak_min_raw=False
  adverse_bars=6
  adverse_limit=7
  → EXIT_SHORT=True
[11:19:20] EXIT LONG EVALUATION
  slope_peak_max_raw=False
  adverse_bars=0
  adverse_limit=7
  → EXIT_LONG NOT TRIGGERED
[11:19:25] EXIT LONG EVALUATION
  slope_peak_max_raw=False
  adverse_bars=0
  adverse_limit=7
  → EXIT_LONG NOT TRIGGERED
[11:19:30] EXIT LONG EVALUATION
  slope_peak_max_raw=False
  adverse_bars=0
  adverse_limit=7
  → EXIT_LONG NOT TRIGGERED
[11:19:35] EXIT LONG EVALUATION
  slope_peak_max_raw=False
  adverse_bars=0
  adverse_limit=7
  → EXIT_LONG NOT TRIGGERED
[11:19:40] EXIT LONG EVALUATION
  slope_peak_max_raw=False
  adverse_bars=0
  adverse_limit=7
  → EXIT_LONG NOT TRIGGERED
[11:19:45] EXIT LONG EVALUATION
  slope_peak_max_raw=False
  adverse_bars=0
  adverse_limit=7
  → EXIT_LONG NOT TRIGGERED
[11:19:50] EXIT LONG EVALUATION
  slope_peak_max_raw=False
  adverse_bars=0
  adverse_limit=7
  → EXIT_LONG NOT TRIGGERED
[11:19:55] EXIT LONG EVALUATION
  slope_peak_max_raw=False
  adverse_bars=0
  adverse_limit=7
  → EXIT_LONG NOT TRIGGERED
[11:20:00] EXIT LONG EVALUATION
  slope_peak_max_raw=False
  adverse_bars=0
  adverse_limit=7
  → EXIT_LONG NOT TRIGGERED
[11:20:05] EXIT LONG EVALUATION
  slope_peak_max_raw=False
  adverse_bars=0
  adverse_limit=7
  → EXIT_LONG NOT TRIGGERED
[11:20:10] EXIT LONG EVALUATION
  slope_peak_max_raw=False
  adverse_bars=0
  adverse_limit=7
  → EXIT_LONG NOT TRIGGERED
[11:20:15] EXIT LONG EVALUATION
  slope_peak_max_raw=False
  adverse_bars=0
  adverse_limit=7
  → EXIT_LONG NOT TRIGGERED
[11:20:20] EXIT LONG EVALUATION
  slope_peak_max_raw=False
  adverse_bars=0
  adverse_limit=7
  → EXIT_LONG NOT TRIGGERED
[11:20:25] EXIT LONG EVALUATION
  slope_peak_max_raw=False
  adverse_bars=0
  adverse_limit=7
  → EXIT_LONG NOT TRIGGERED
[11:20:30] EXIT LONG EVALUATION
  slope_peak_max_raw=False
  adverse_bars=0
  adverse_limit=7
  → EXIT_LONG NOT TRIGGERED
[11:20:35] EXIT LONG EVALUATION
  slope_peak_max_raw=False
  adverse_bars=0
  adverse_limit=7
  → EXIT_LONG NOT TRIGGERED
[11:20:40] EXIT LONG EVALUATION
  slope_peak_max_raw=False
  adverse_bars=0
  adverse_limit=7
  → EXIT_LONG NOT TRIGGERED
[11:20:45] EXIT LONG EVALUATION
  slope_peak_max_raw=False
  adverse_bars=0
  adverse_limit=7
  → EXIT_LONG NOT TRIGGERED
[11:20:50] EXIT LONG EVALUATION
  slope_peak_max_raw=False
  adverse_bars=0
  adverse_limit=7
  → EXIT_LONG NOT TRIGGERED
[11:20:55] EXIT LONG EVALUATION
  slope_peak_max_raw=False
  adverse_bars=0
  adverse_limit=7
  → EXIT_LONG NOT TRIGGERED
[11:21:00] EXIT LONG EVALUATION
  slope_peak_max_raw=False
  adverse_bars=0
  adverse_limit=7
  → EXIT_LONG NOT TRIGGERED
[11:21:05] EXIT LONG EVALUATION
  slope_peak_max_raw=True
  adverse_bars=0
  adverse_limit=7
  → EXIT_LONG=True
[12:39:05] EXIT LONG EVALUATION
  slope_peak_max_raw=False
  adverse_bars=0
  adverse_limit=7
  → EXIT_LONG NOT TRIGGERED
[12:39:10] EXIT LONG EVALUATION
  slope_peak_max_raw=False
  adverse_bars=0
  adverse_limit=7
  → EXIT_LONG NOT TRIGGERED
[12:39:15] EXIT LONG EVALUATION
  slope_peak_max_raw=False
  adverse_bars=0
  adverse_limit=7
  → EXIT_LONG NOT TRIGGERED
[12:39:20] EXIT LONG EVALUATION
  slope_peak_max_raw=False
  adverse_bars=0
  adverse_limit=7
  → EXIT_LONG NOT TRIGGERED
[12:39:25] EXIT LONG EVALUATION
  slope_peak_max_raw=False
  adverse_bars=0
  adverse_limit=7
  → EXIT_LONG NOT TRIGGERED
[12:39:30] EXIT LONG EVALUATION
  slope_peak_max_raw=False
  adverse_bars=0
  adverse_limit=7
  → EXIT_LONG NOT TRIGGERED
[12:39:35] EXIT LONG EVALUATION
  slope_peak_max_raw=False
  adverse_bars=0
  adverse_limit=7
  → EXIT_LONG NOT TRIGGERED
[12:39:40] EXIT LONG EVALUATION
  slope_peak_max_raw=False
  adverse_bars=0
  adverse_limit=7
  → EXIT_LONG NOT TRIGGERED
[12:39:45] EXIT LONG EVALUATION
  slope_peak_max_raw=False
  adverse_bars=0
  adverse_limit=7
  → EXIT_LONG NOT TRIGGERED
[12:39:50] EXIT LONG EVALUATION
  slope_peak_max_raw=False
  adverse_bars=0
  adverse_limit=7
  → EXIT_LONG NOT TRIGGERED
[12:39:55] EXIT LONG EVALUATION
  slope_peak_max_raw=False
  adverse_bars=0
  adverse_limit=7
  → EXIT_LONG NOT TRIGGERED
[12:40:00] EXIT LONG EVALUATION
  slope_peak_max_raw=False
  adverse_bars=0
  adverse_limit=7
  → EXIT_LONG NOT TRIGGERED
[12:40:05] EXIT LONG EVALUATION
  slope_peak_max_raw=False
  adverse_bars=0
  adverse_limit=7
  → EXIT_LONG NOT TRIGGERED
[12:40:10] EXIT LONG EVALUATION
  slope_peak_max_raw=False
  adverse_bars=0
  adverse_limit=7
  → EXIT_LONG NOT TRIGGERED
[12:40:15] EXIT LONG EVALUATION
  slope_peak_max_raw=False
  adverse_bars=0
  adverse_limit=7
  → EXIT_LONG NOT TRIGGERED
[12:40:20] EXIT LONG EVALUATION
  slope_peak_max_raw=False
  adverse_bars=0
  adverse_limit=7
  → EXIT_LONG NOT TRIGGERED
[12:40:25] EXIT LONG EVALUATION
  slope_peak_max_raw=True
  adverse_bars=0
  adverse_limit=7
  → EXIT_LONG=True
[13:31:15] EXIT SHORT EVALUATION
  slope_peak_min_raw=False
  adverse_bars=0
  adverse_limit=7
  → EXIT_SHORT NOT TRIGGERED
[13:31:20] EXIT SHORT EVALUATION
  slope_peak_min_raw=False
  adverse_bars=0
  adverse_limit=7
  → EXIT_SHORT NOT TRIGGERED
[13:31:25] EXIT SHORT EVALUATION
  slope_peak_min_raw=False
  adverse_bars=1
  adverse_limit=7
  → EXIT_SHORT NOT TRIGGERED
[13:31:30] EXIT SHORT EVALUATION
  slope_peak_min_raw=False
  adverse_bars=2
  adverse_limit=7
  → EXIT_SHORT NOT TRIGGERED
[13:31:35] EXIT SHORT EVALUATION
  slope_peak_min_raw=False
  adverse_bars=3
  adverse_limit=7
  → EXIT_SHORT NOT TRIGGERED
[13:31:40] EXIT SHORT EVALUATION
  slope_peak_min_raw=False
  adverse_bars=3
  adverse_limit=7
  → EXIT_SHORT NOT TRIGGERED
[13:31:45] EXIT SHORT EVALUATION
  slope_peak_min_raw=True
  adverse_bars=4
  adverse_limit=7
  → EXIT_SHORT=True
[13:49:35] EXIT SHORT EVALUATION
  slope_peak_min_raw=False
  adverse_bars=0
  adverse_limit=7
  → EXIT_SHORT NOT TRIGGERED
[13:49:40] EXIT SHORT EVALUATION
  slope_peak_min_raw=False
  adverse_bars=0
  adverse_limit=7
  → EXIT_SHORT NOT TRIGGERED
[13:49:45] EXIT SHORT EVALUATION
  slope_peak_min_raw=False
  adverse_bars=1
  adverse_limit=7
  → EXIT_SHORT NOT TRIGGERED
[13:49:50] EXIT SHORT EVALUATION
  slope_peak_min_raw=False
  adverse_bars=2
  adverse_limit=7
  → EXIT_SHORT NOT TRIGGERED
[13:49:55] EXIT SHORT EVALUATION
  slope_peak_min_raw=False
  adverse_bars=3
  adverse_limit=7
  → EXIT_SHORT NOT TRIGGERED
[13:50:00] EXIT SHORT EVALUATION
  slope_peak_min_raw=False
  adverse_bars=4
  adverse_limit=7
  → EXIT_SHORT NOT TRIGGERED
[13:50:05] EXIT SHORT EVALUATION
  slope_peak_min_raw=False
  adverse_bars=5
  adverse_limit=7
  → EXIT_SHORT NOT TRIGGERED
[13:50:10] EXIT SHORT EVALUATION
  slope_peak_min_raw=True
  adverse_bars=6
  adverse_limit=7
  → EXIT_SHORT=True
[13:52:00] EXIT LONG EVALUATION
  slope_peak_max_raw=False
  adverse_bars=0
  adverse_limit=7
  → EXIT_LONG NOT TRIGGERED
[13:52:05] EXIT LONG EVALUATION
  slope_peak_max_raw=True
  adverse_bars=1
  adverse_limit=7
  → EXIT_LONG=True
[14:36:55] EXIT SHORT EVALUATION
  slope_peak_min_raw=False
  adverse_bars=0
  adverse_limit=7
  → EXIT_SHORT NOT TRIGGERED
[14:37:00] EXIT SHORT EVALUATION
  slope_peak_min_raw=False
  adverse_bars=0
  adverse_limit=7
  → EXIT_SHORT NOT TRIGGERED
[14:37:05] EXIT SHORT EVALUATION
  slope_peak_min_raw=False
  adverse_bars=0
  adverse_limit=7
  → EXIT_SHORT NOT TRIGGERED
[14:37:10] EXIT SHORT EVALUATION
  slope_peak_min_raw=False
  adverse_bars=0
  adverse_limit=7
  → EXIT_SHORT NOT TRIGGERED
[14:37:15] EXIT SHORT EVALUATION
  slope_peak_min_raw=False
  adverse_bars=0
  adverse_limit=7
  → EXIT_SHORT NOT TRIGGERED
[14:37:20] EXIT SHORT EVALUATION
  slope_peak_min_raw=False
  adverse_bars=0
  adverse_limit=7
  → EXIT_SHORT NOT TRIGGERED
[14:37:25] EXIT SHORT EVALUATION
  slope_peak_min_raw=False
  adverse_bars=0
  adverse_limit=7
  → EXIT_SHORT NOT TRIGGERED
[14:37:30] EXIT SHORT EVALUATION
  slope_peak_min_raw=False
  adverse_bars=0
  adverse_limit=7
  → EXIT_SHORT NOT TRIGGERED
[14:37:35] EXIT SHORT EVALUATION
  slope_peak_min_raw=False
  adverse_bars=0
  adverse_limit=7
  → EXIT_SHORT NOT TRIGGERED
[14:37:40] EXIT SHORT EVALUATION
  slope_peak_min_raw=False
  adverse_bars=0
  adverse_limit=7
  → EXIT_SHORT NOT TRIGGERED
[14:37:45] EXIT SHORT EVALUATION
  slope_peak_min_raw=True
  adverse_bars=0
  adverse_limit=7
  → EXIT_SHORT=True
[14:49:10] EXIT SHORT EVALUATION
  slope_peak_min_raw=False
  adverse_bars=0
  adverse_limit=7
  → EXIT_SHORT NOT TRIGGERED
[14:49:15] EXIT SHORT EVALUATION
  slope_peak_min_raw=False
  adverse_bars=0
  adverse_limit=7
  → EXIT_SHORT NOT TRIGGERED
[14:49:20] EXIT SHORT EVALUATION
  slope_peak_min_raw=False
  adverse_bars=0
  adverse_limit=7
  → EXIT_SHORT NOT TRIGGERED
[14:49:25] EXIT SHORT EVALUATION
  slope_peak_min_raw=False
  adverse_bars=0
  adverse_limit=7
  → EXIT_SHORT NOT TRIGGERED
[14:49:30] EXIT SHORT EVALUATION
  slope_peak_min_raw=False
  adverse_bars=1
  adverse_limit=7
  → EXIT_SHORT NOT TRIGGERED
[14:49:35] EXIT SHORT EVALUATION
  slope_peak_min_raw=False
  adverse_bars=2
  adverse_limit=7
  → EXIT_SHORT NOT TRIGGERED
[14:49:40] EXIT SHORT EVALUATION
  slope_peak_min_raw=False
  adverse_bars=3
  adverse_limit=7
  → EXIT_SHORT NOT TRIGGERED
[14:49:45] EXIT SHORT EVALUATION
  slope_peak_min_raw=False
  adverse_bars=4
  adverse_limit=7
  → EXIT_SHORT NOT TRIGGERED
[14:49:50] EXIT SHORT EVALUATION
  slope_peak_min_raw=False
  adverse_bars=5
  adverse_limit=7
  → EXIT_SHORT NOT TRIGGERED
[14:49:55] EXIT SHORT EVALUATION
  slope_peak_min_raw=False
  adverse_bars=5
  adverse_limit=7
  → EXIT_SHORT NOT TRIGGERED
[14:50:00] EXIT SHORT EVALUATION
  slope_peak_min_raw=False
  adverse_bars=5
  adverse_limit=7
  → EXIT_SHORT NOT TRIGGERED
[14:50:05] EXIT SHORT EVALUATION
  slope_peak_min_raw=False
  adverse_bars=5
  adverse_limit=7
  → EXIT_SHORT NOT TRIGGERED
[14:50:10] EXIT SHORT EVALUATION
  slope_peak_min_raw=False
  adverse_bars=5
  adverse_limit=7
  → EXIT_SHORT NOT TRIGGERED
[14:50:15] EXIT SHORT EVALUATION
  slope_peak_min_raw=True
  adverse_bars=5
  adverse_limit=7
  → EXIT_SHORT=True
[14:55:55] EXIT SHORT EVALUATION
  slope_peak_min_raw=False
  adverse_bars=0
  adverse_limit=7
  → EXIT_SHORT NOT TRIGGERED
[14:56:00] EXIT SHORT EVALUATION
  slope_peak_min_raw=False
  adverse_bars=0
  adverse_limit=7
  → EXIT_SHORT NOT TRIGGERED
[14:56:05] EXIT SHORT EVALUATION
  slope_peak_min_raw=False
  adverse_bars=0
  adverse_limit=7
  → EXIT_SHORT NOT TRIGGERED
[14:56:10] EXIT SHORT EVALUATION
  slope_peak_min_raw=False
  adverse_bars=0
  adverse_limit=7
  → EXIT_SHORT NOT TRIGGERED
[14:56:15] EXIT SHORT EVALUATION
  slope_peak_min_raw=False
  adverse_bars=0
  adverse_limit=7
  → EXIT_SHORT NOT TRIGGERED
[14:56:20] EXIT SHORT EVALUATION
  slope_peak_min_raw=False
  adverse_bars=0
  adverse_limit=7
  → EXIT_SHORT NOT TRIGGERED
[14:56:25] EXIT SHORT EVALUATION
  slope_peak_min_raw=False
  adverse_bars=0
  adverse_limit=7
  → EXIT_SHORT NOT TRIGGERED
[14:56:30] EXIT SHORT EVALUATION
  slope_peak_min_raw=False
  adverse_bars=0
  adverse_limit=7
  → EXIT_SHORT NOT TRIGGERED
[14:56:35] EXIT SHORT EVALUATION
  slope_peak_min_raw=False
  adverse_bars=0
  adverse_limit=7
  → EXIT_SHORT NOT TRIGGERED
[14:56:40] EXIT SHORT EVALUATION
  slope_peak_min_raw=False
  adverse_bars=0
  adverse_limit=7
  → EXIT_SHORT NOT TRIGGERED
[14:56:45] EXIT SHORT EVALUATION
  slope_peak_min_raw=False
  adverse_bars=0
  adverse_limit=7
  → EXIT_SHORT NOT TRIGGERED
[14:56:50] EXIT SHORT EVALUATION
  slope_peak_min_raw=False
  adverse_bars=0
  adverse_limit=7
  → EXIT_SHORT NOT TRIGGERED
[14:56:55] EXIT SHORT EVALUATION
  slope_peak_min_raw=False
  adverse_bars=0
  adverse_limit=7
  → EXIT_SHORT NOT TRIGGERED
[14:57:00] EXIT SHORT EVALUATION
  slope_peak_min_raw=False
  adverse_bars=0
  adverse_limit=7
  → EXIT_SHORT NOT TRIGGERED
[14:57:05] EXIT SHORT EVALUATION
  slope_peak_min_raw=False
  adverse_bars=0
  adverse_limit=7
  → EXIT_SHORT NOT TRIGGERED
[14:57:10] EXIT SHORT EVALUATION
  slope_peak_min_raw=False
  adverse_bars=0
  adverse_limit=7
  → EXIT_SHORT NOT TRIGGERED
[14:57:15] EXIT SHORT EVALUATION
  slope_peak_min_raw=False
  adverse_bars=0
  adverse_limit=7
  → EXIT_SHORT NOT TRIGGERED
[14:57:20] EXIT SHORT EVALUATION
  slope_peak_min_raw=False
  adverse_bars=0
  adverse_limit=7
  → EXIT_SHORT NOT TRIGGERED
[14:57:25] EXIT SHORT EVALUATION
  slope_peak_min_raw=False
  adverse_bars=0
  adverse_limit=7
  → EXIT_SHORT NOT TRIGGERED
[14:57:30] EXIT SHORT EVALUATION
  slope_peak_min_raw=False
  adverse_bars=0
  adverse_limit=7
  → EXIT_SHORT NOT TRIGGERED
[14:57:35] EXIT SHORT EVALUATION
  slope_peak_min_raw=True
  adverse_bars=0
  adverse_limit=7
  → EXIT_SHORT=True
[15:24:40] EXIT LONG EVALUATION
  slope_peak_max_raw=False
  adverse_bars=0
  adverse_limit=7
  → EXIT_LONG NOT TRIGGERED
[15:24:45] EXIT LONG EVALUATION
  slope_peak_max_raw=False
  adverse_bars=0
  adverse_limit=7
  → EXIT_LONG NOT TRIGGERED
[15:24:50] EXIT LONG EVALUATION
  slope_peak_max_raw=False
  adverse_bars=0
  adverse_limit=7
  → EXIT_LONG NOT TRIGGERED
[15:24:55] EXIT LONG EVALUATION
  slope_peak_max_raw=False
  adverse_bars=0
  adverse_limit=7
  → EXIT_LONG NOT TRIGGERED
[15:25:00] EXIT LONG EVALUATION
  slope_peak_max_raw=False
  adverse_bars=0
  adverse_limit=7
  → EXIT_LONG NOT TRIGGERED
[15:25:05] EXIT LONG EVALUATION
  slope_peak_max_raw=False
  adverse_bars=0
  adverse_limit=7
  → EXIT_LONG NOT TRIGGERED
[15:25:10] EXIT LONG EVALUATION
  slope_peak_max_raw=False
  adverse_bars=0
  adverse_limit=7
  → EXIT_LONG NOT TRIGGERED
[15:25:15] EXIT LONG EVALUATION
  slope_peak_max_raw=False
  adverse_bars=0
  adverse_limit=7
  → EXIT_LONG NOT TRIGGERED
[15:25:20] EXIT LONG EVALUATION
  slope_peak_max_raw=False
  adverse_bars=0
  adverse_limit=7
  → EXIT_LONG NOT TRIGGERED
[15:25:25] EXIT LONG EVALUATION
  slope_peak_max_raw=False
  adverse_bars=0
  adverse_limit=7
  → EXIT_LONG NOT TRIGGERED
[15:25:30] EXIT LONG EVALUATION
  slope_peak_max_raw=False
  adverse_bars=0
  adverse_limit=7
  → EXIT_LONG NOT TRIGGERED
[15:25:35] EXIT LONG EVALUATION
  slope_peak_max_raw=False
  adverse_bars=0
  adverse_limit=7
  → EXIT_LONG NOT TRIGGERED
[15:25:40] EXIT LONG EVALUATION
  slope_peak_max_raw=True
  adverse_bars=0
  adverse_limit=7
  → EXIT_LONG=True
[15:38:05] EXIT LONG EVALUATION
  slope_peak_max_raw=False
  adverse_bars=0
  adverse_limit=7
  → EXIT_LONG NOT TRIGGERED
[15:38:10] EXIT LONG EVALUATION
  slope_peak_max_raw=False
  adverse_bars=0
  adverse_limit=7
  → EXIT_LONG NOT TRIGGERED
[15:38:15] EXIT LONG EVALUATION
  slope_peak_max_raw=False
  adverse_bars=1
  adverse_limit=7
  → EXIT_LONG NOT TRIGGERED
[15:38:20] EXIT LONG EVALUATION
  slope_peak_max_raw=False
  adverse_bars=2
  adverse_limit=7
  → EXIT_LONG NOT TRIGGERED
[15:38:25] EXIT LONG EVALUATION
  slope_peak_max_raw=False
  adverse_bars=3
  adverse_limit=7
  → EXIT_LONG NOT TRIGGERED
[15:38:30] EXIT LONG EVALUATION
  slope_peak_max_raw=False
  adverse_bars=4
  adverse_limit=7
  → EXIT_LONG NOT TRIGGERED
[15:38:35] EXIT LONG EVALUATION
  slope_peak_max_raw=False
  adverse_bars=5
  adverse_limit=7
  → EXIT_LONG NOT TRIGGERED
[15:38:40] EXIT LONG EVALUATION
  slope_peak_max_raw=False
  adverse_bars=6
  adverse_limit=7
  → EXIT_LONG NOT TRIGGERED
[15:38:45] EXIT LONG EVALUATION
  slope_peak_max_raw=False
  adverse_bars=7
  adverse_limit=7
  → EXIT_LONG=True

Backtest finished.